<?xml version="1.0" encoding="UTF-8"?>
<!-- Generated by org.testng.reporters.JUnitReportReporter -->
<testsuite hostname="LAPTOP-41560S74" failures="0" tests="1" name="com.hybrid.Testcases.LoginTest" time="11.770" errors="0" timestamp="29 Mar 2022 15:49:22 GMT" skipped="0">
  <testcase classname="com.hybrid.Testcases.LoginTest" name="Logintestrun" time="11.770"/>
</testsuite> <!-- com.hybrid.Testcases.LoginTest -->
