<?xml version="1.0" encoding="UTF-8"?>
<!-- Generated by org.testng.reporters.JUnitReportReporter -->
<testsuite hostname="LAPTOP-41560S74" failures="0" tests="1" name="com.hybrid.Testcases.LoginTestCRM" time="2.766" errors="0" timestamp="04 Apr 2022 11:40:23 GMT" skipped="0">
  <testcase classname="com.hybrid.Testcases.LoginTestCRM" name="LoginApp" time="2.766"/>
</testsuite> <!-- com.hybrid.Testcases.LoginTestCRM -->
