<?xml version="1.0" encoding="UTF-8"?>
<!-- Generated by org.testng.reporters.JUnitReportReporter -->
<testsuite hostname="LAPTOP-41560S74" failures="0" tests="1" name="com.hybrid.Testcases.LoginTestCRM" time="6.689" errors="0" timestamp="31 Mar 2022 15:53:34 GMT" skipped="0">
  <testcase classname="com.hybrid.Testcases.LoginTestCRM" name="LoginApp" time="6.689"/>
</testsuite> <!-- com.hybrid.Testcases.LoginTestCRM -->
